<?xml version="1.0" encoding="UTF-8"?>
<testsuite name="demo.base.BaseDemoTest" tests="3" skipped="0" failures="0" errors="0" timestamp="2022-07-11T03:34:45" hostname="WANGJI4-W10" time="0.017">
  <properties/>
  <testcase name="sum_positive_positive()" classname="demo.base.BaseDemoTest" time="0.013"/>
  <testcase name="sum_positive_negative()" classname="demo.base.BaseDemoTest" time="0.001"/>
  <testcase name="should_return_hello_world()" classname="demo.base.BaseDemoTest" time="0.001"/>
  <system-out><![CDATA[]]></system-out>
  <system-err><![CDATA[]]></system-err>
</testsuite>
